<?xml version="1.0" encoding="utf-8"?>
<checkstyle version="8.0">
    <file name="src\test\kotlin\ExamTestMain.kt">
        <error line="31" column="1" severity="error" message="Exceeded max line length (120)" source="standard:max-line-length" />
        <error line="31" column="30" severity="error" message="Argument should be on a separate line (unless all arguments can fit a single line)" source="standard:argument-list-wrapping" />
        <error line="31" column="31" severity="error" message="Missing newline before &quot;)&quot;" source="standard:argument-list-wrapping" />
        <error line="31" column="44" severity="error" message="Argument should be on a separate line (unless all arguments can fit a single line)" source="standard:argument-list-wrapping" />
        <error line="31" column="143" severity="error" message="Missing newline before &quot;)&quot;" source="standard:argument-list-wrapping" />
        <error line="35" column="1" severity="error" message="Exceeded max line length (120)" source="standard:max-line-length" />
        <error line="35" column="30" severity="error" message="Argument should be on a separate line (unless all arguments can fit a single line)" source="standard:argument-list-wrapping" />
        <error line="35" column="31" severity="error" message="Missing newline before &quot;)&quot;" source="standard:argument-list-wrapping" />
        <error line="35" column="44" severity="error" message="Argument should be on a separate line (unless all arguments can fit a single line)" source="standard:argument-list-wrapping" />
        <error line="35" column="143" severity="error" message="Missing newline before &quot;)&quot;" source="standard:argument-list-wrapping" />
        <error line="39" column="1" severity="error" message="Exceeded max line length (120)" source="standard:max-line-length" />
        <error line="39" column="30" severity="error" message="Argument should be on a separate line (unless all arguments can fit a single line)" source="standard:argument-list-wrapping" />
        <error line="39" column="31" severity="error" message="Missing newline before &quot;)&quot;" source="standard:argument-list-wrapping" />
        <error line="39" column="45" severity="error" message="Argument should be on a separate line (unless all arguments can fit a single line)" source="standard:argument-list-wrapping" />
        <error line="39" column="145" severity="error" message="Missing newline before &quot;)&quot;" source="standard:argument-list-wrapping" />
        <error line="43" column="1" severity="error" message="Exceeded max line length (120)" source="standard:max-line-length" />
        <error line="43" column="30" severity="error" message="Argument should be on a separate line (unless all arguments can fit a single line)" source="standard:argument-list-wrapping" />
        <error line="43" column="31" severity="error" message="Missing newline before &quot;)&quot;" source="standard:argument-list-wrapping" />
        <error line="43" column="45" severity="error" message="Argument should be on a separate line (unless all arguments can fit a single line)" source="standard:argument-list-wrapping" />
        <error line="43" column="145" severity="error" message="Missing newline before &quot;)&quot;" source="standard:argument-list-wrapping" />
        <error line="48" column="1" severity="error" message="Exceeded max line length (120)" source="standard:max-line-length" />
        <error line="48" column="34" severity="error" message="Argument should be on a separate line (unless all arguments can fit a single line)" source="standard:argument-list-wrapping" />
        <error line="48" column="40" severity="error" message="Missing newline before &quot;)&quot;" source="standard:argument-list-wrapping" />
        <error line="48" column="54" severity="error" message="Argument should be on a separate line (unless all arguments can fit a single line)" source="standard:argument-list-wrapping" />
        <error line="48" column="160" severity="error" message="Missing newline before &quot;)&quot;" source="standard:argument-list-wrapping" />
        <error line="54" column="1" severity="error" message="Exceeded max line length (120)" source="standard:max-line-length" />
        <error line="54" column="34" severity="error" message="Argument should be on a separate line (unless all arguments can fit a single line)" source="standard:argument-list-wrapping" />
        <error line="54" column="40" severity="error" message="Missing newline before &quot;)&quot;" source="standard:argument-list-wrapping" />
        <error line="54" column="53" severity="error" message="Argument should be on a separate line (unless all arguments can fit a single line)" source="standard:argument-list-wrapping" />
        <error line="54" column="158" severity="error" message="Missing newline before &quot;)&quot;" source="standard:argument-list-wrapping" />
        <error line="59" column="1" severity="error" message="Exceeded max line length (120)" source="standard:max-line-length" />
        <error line="59" column="30" severity="error" message="Argument should be on a separate line (unless all arguments can fit a single line)" source="standard:argument-list-wrapping" />
        <error line="59" column="31" severity="error" message="Missing newline before &quot;)&quot;" source="standard:argument-list-wrapping" />
        <error line="59" column="45" severity="error" message="Argument should be on a separate line (unless all arguments can fit a single line)" source="standard:argument-list-wrapping" />
        <error line="59" column="145" severity="error" message="Missing newline before &quot;)&quot;" source="standard:argument-list-wrapping" />
        <error line="63" column="1" severity="error" message="Exceeded max line length (120)" source="standard:max-line-length" />
        <error line="63" column="30" severity="error" message="Argument should be on a separate line (unless all arguments can fit a single line)" source="standard:argument-list-wrapping" />
        <error line="63" column="31" severity="error" message="Missing newline before &quot;)&quot;" source="standard:argument-list-wrapping" />
        <error line="63" column="45" severity="error" message="Argument should be on a separate line (unless all arguments can fit a single line)" source="standard:argument-list-wrapping" />
        <error line="63" column="145" severity="error" message="Missing newline before &quot;)&quot;" source="standard:argument-list-wrapping" />
        <error line="67" column="1" severity="error" message="Exceeded max line length (120)" source="standard:max-line-length" />
        <error line="67" column="30" severity="error" message="Argument should be on a separate line (unless all arguments can fit a single line)" source="standard:argument-list-wrapping" />
        <error line="67" column="31" severity="error" message="Missing newline before &quot;)&quot;" source="standard:argument-list-wrapping" />
        <error line="67" column="45" severity="error" message="Argument should be on a separate line (unless all arguments can fit a single line)" source="standard:argument-list-wrapping" />
        <error line="67" column="145" severity="error" message="Missing newline before &quot;)&quot;" source="standard:argument-list-wrapping" />
        <error line="71" column="1" severity="error" message="Exceeded max line length (120)" source="standard:max-line-length" />
        <error line="71" column="30" severity="error" message="Argument should be on a separate line (unless all arguments can fit a single line)" source="standard:argument-list-wrapping" />
        <error line="71" column="32" severity="error" message="Missing newline before &quot;)&quot;" source="standard:argument-list-wrapping" />
        <error line="71" column="45" severity="error" message="Argument should be on a separate line (unless all arguments can fit a single line)" source="standard:argument-list-wrapping" />
        <error line="71" column="145" severity="error" message="Missing newline before &quot;)&quot;" source="standard:argument-list-wrapping" />
        <error line="75" column="1" severity="error" message="Exceeded max line length (120)" source="standard:max-line-length" />
        <error line="75" column="30" severity="error" message="Argument should be on a separate line (unless all arguments can fit a single line)" source="standard:argument-list-wrapping" />
        <error line="75" column="32" severity="error" message="Missing newline before &quot;)&quot;" source="standard:argument-list-wrapping" />
        <error line="75" column="45" severity="error" message="Argument should be on a separate line (unless all arguments can fit a single line)" source="standard:argument-list-wrapping" />
        <error line="75" column="145" severity="error" message="Missing newline before &quot;)&quot;" source="standard:argument-list-wrapping" />
        <error line="94" column="1" severity="error" message="Exceeded max line length (120)" source="standard:max-line-length" />
        <error line="103" column="1" severity="error" message="Exceeded max line length (120)" source="standard:max-line-length" />
        <error line="112" column="1" severity="error" message="Exceeded max line length (120)" source="standard:max-line-length" />
        <error line="123" column="1" severity="error" message="Exceeded max line length (120)" source="standard:max-line-length" />
        <error line="132" column="1" severity="error" message="Exceeded max line length (120)" source="standard:max-line-length" />
        <error line="141" column="1" severity="error" message="Exceeded max line length (120)" source="standard:max-line-length" />
        <error line="150" column="1" severity="error" message="Exceeded max line length (120)" source="standard:max-line-length" />
        <error line="159" column="1" severity="error" message="Exceeded max line length (120)" source="standard:max-line-length" />
        <error line="168" column="1" severity="error" message="Exceeded max line length (120)" source="standard:max-line-length" />
        <error line="181" column="1" severity="error" message="Exceeded max line length (120)" source="standard:max-line-length" />
        <error line="181" column="89" severity="error" message="Argument should be on a separate line (unless all arguments can fit a single line)" source="standard:argument-list-wrapping" />
        <error line="181" column="173" severity="error" message="Missing newline before &quot;)&quot;" source="standard:argument-list-wrapping" />
        <error line="186" column="1" severity="error" message="Exceeded max line length (120)" source="standard:max-line-length" />
        <error line="186" column="94" severity="error" message="Argument should be on a separate line (unless all arguments can fit a single line)" source="standard:argument-list-wrapping" />
        <error line="186" column="179" severity="error" message="Missing newline before &quot;)&quot;" source="standard:argument-list-wrapping" />
        <error line="191" column="1" severity="error" message="Exceeded max line length (120)" source="standard:max-line-length" />
        <error line="191" column="91" severity="error" message="Argument should be on a separate line (unless all arguments can fit a single line)" source="standard:argument-list-wrapping" />
        <error line="191" column="174" severity="error" message="Missing newline before &quot;)&quot;" source="standard:argument-list-wrapping" />
        <error line="202" column="1" severity="error" message="Exceeded max line length (120)" source="standard:max-line-length" />
        <error line="202" column="62" severity="error" message="Argument should be on a separate line (unless all arguments can fit a single line)" source="standard:argument-list-wrapping" />
        <error line="202" column="135" severity="error" message="Missing newline before &quot;)&quot;" source="standard:argument-list-wrapping" />
        <error line="209" column="1" severity="error" message="Exceeded max line length (120)" source="standard:max-line-length" />
        <error line="209" column="55" severity="error" message="Argument should be on a separate line (unless all arguments can fit a single line)" source="standard:argument-list-wrapping" />
        <error line="209" column="160" severity="error" message="Missing newline before &quot;)&quot;" source="standard:argument-list-wrapping" />
        <error line="216" column="1" severity="error" message="Exceeded max line length (120)" source="standard:max-line-length" />
        <error line="216" column="56" severity="error" message="Argument should be on a separate line (unless all arguments can fit a single line)" source="standard:argument-list-wrapping" />
        <error line="216" column="164" severity="error" message="Missing newline before &quot;)&quot;" source="standard:argument-list-wrapping" />
        <error line="226" column="1" severity="error" message="Exceeded max line length (120)" source="standard:max-line-length" />
        <error line="226" column="62" severity="error" message="Argument should be on a separate line (unless all arguments can fit a single line)" source="standard:argument-list-wrapping" />
        <error line="226" column="140" severity="error" message="Missing newline before &quot;)&quot;" source="standard:argument-list-wrapping" />
        <error line="233" column="1" severity="error" message="Exceeded max line length (120)" source="standard:max-line-length" />
        <error line="233" column="55" severity="error" message="Argument should be on a separate line (unless all arguments can fit a single line)" source="standard:argument-list-wrapping" />
        <error line="233" column="165" severity="error" message="Missing newline before &quot;)&quot;" source="standard:argument-list-wrapping" />
        <error line="240" column="1" severity="error" message="Exceeded max line length (120)" source="standard:max-line-length" />
        <error line="240" column="55" severity="error" message="Argument should be on a separate line (unless all arguments can fit a single line)" source="standard:argument-list-wrapping" />
        <error line="240" column="165" severity="error" message="Missing newline before &quot;)&quot;" source="standard:argument-list-wrapping" />
    </file>
    <file name="src\test\kotlin\ExamTestOptional.kt">
        <error line="34" column="1" severity="error" message="Exceeded max line length (120)" source="standard:max-line-length" />
        <error line="43" column="1" severity="error" message="Exceeded max line length (120)" source="standard:max-line-length" />
        <error line="52" column="1" severity="error" message="Exceeded max line length (120)" source="standard:max-line-length" />
        <error line="67" column="1" severity="error" message="Exceeded max line length (120)" source="standard:max-line-length" />
        <error line="78" column="1" severity="error" message="Exceeded max line length (120)" source="standard:max-line-length" />
        <error line="87" column="1" severity="error" message="Exceeded max line length (120)" source="standard:max-line-length" />
        <error line="96" column="1" severity="error" message="Exceeded max line length (120)" source="standard:max-line-length" />
        <error line="109" column="1" severity="error" message="Exceeded max line length (120)" source="standard:max-line-length" />
        <error line="123" column="1" severity="error" message="Exceeded max line length (120)" source="standard:max-line-length" />
        <error line="137" column="1" severity="error" message="Exceeded max line length (120)" source="standard:max-line-length" />
        <error line="146" column="1" severity="error" message="Exceeded max line length (120)" source="standard:max-line-length" />
        <error line="155" column="1" severity="error" message="Exceeded max line length (120)" source="standard:max-line-length" />
        <error line="191" column="1" severity="error" message="Exceeded max line length (120)" source="standard:max-line-length" />
        <error line="203" column="1" severity="error" message="Exceeded max line length (120)" source="standard:max-line-length" />
    </file>
</checkstyle>
