<?xml version="1.0" encoding="UTF-8"?>
<testsuite name="ExamTestMain" tests="130" skipped="0" failures="0" errors="0" timestamp="2024-09-24T02:59:12" hostname="LAPTOP-49GGD3IS" time="15.165">
  <properties/>
  <testcase name="Latihan 1" classname="ExamTestMain" time="0.008"/>
  <testcase name="Latihan 1" classname="ExamTestMain" time="0.0"/>
  <testcase name="Latihan 1" classname="ExamTestMain" time="0.0"/>
  <testcase name="Latihan 1" classname="ExamTestMain" time="0.0"/>
  <testcase name="Latihan 1" classname="ExamTestMain" time="0.0"/>
  <testcase name="Latihan 1" classname="ExamTestMain" time="0.001"/>
  <testcase name="Latihan 1" classname="ExamTestMain" time="0.001"/>
  <testcase name="Latihan 1" classname="ExamTestMain" time="0.001"/>
  <testcase name="Latihan 1" classname="ExamTestMain" time="0.0"/>
  <testcase name="Latihan 1" classname="ExamTestMain" time="0.0"/>
  <testcase name="Latihan 1" classname="ExamTestMain" time="0.0"/>
  <testcase name="Latihan 1" classname="ExamTestMain" time="0.001"/>
  <testcase name="Latihan 1" classname="ExamTestMain" time="0.001"/>
  <testcase name="Latihan 1" classname="ExamTestMain" time="0.0"/>
  <testcase name="Latihan 1" classname="ExamTestMain" time="0.001"/>
  <testcase name="Latihan 1" classname="ExamTestMain" time="0.001"/>
  <testcase name="Latihan 1" classname="ExamTestMain" time="0.0"/>
  <testcase name="Latihan 1" classname="ExamTestMain" time="0.001"/>
  <testcase name="Latihan 1" classname="ExamTestMain" time="0.0"/>
  <testcase name="Latihan 1" classname="ExamTestMain" time="0.0"/>
  <testcase name="Latihan 1" classname="ExamTestMain" time="0.0"/>
  <testcase name="Latihan 1" classname="ExamTestMain" time="0.001"/>
  <testcase name="Latihan 1" classname="ExamTestMain" time="0.0"/>
  <testcase name="Latihan 1" classname="ExamTestMain" time="0.001"/>
  <testcase name="Latihan 1" classname="ExamTestMain" time="0.0"/>
  <testcase name="Latihan 1" classname="ExamTestMain" time="0.001"/>
  <testcase name="Latihan 1" classname="ExamTestMain" time="0.0"/>
  <testcase name="Latihan 1" classname="ExamTestMain" time="0.0"/>
  <testcase name="Latihan 1" classname="ExamTestMain" time="0.001"/>
  <testcase name="Latihan 1" classname="ExamTestMain" time="0.0"/>
  <testcase name="Latihan 1" classname="ExamTestMain" time="0.001"/>
  <testcase name="Latihan 1" classname="ExamTestMain" time="0.0"/>
  <testcase name="Latihan 1" classname="ExamTestMain" time="0.0"/>
  <testcase name="Latihan 1" classname="ExamTestMain" time="0.0"/>
  <testcase name="Latihan 1" classname="ExamTestMain" time="0.0"/>
  <testcase name="Latihan 1" classname="ExamTestMain" time="0.001"/>
  <testcase name="Latihan 1" classname="ExamTestMain" time="0.0"/>
  <testcase name="Latihan 1" classname="ExamTestMain" time="0.0"/>
  <testcase name="Latihan 1" classname="ExamTestMain" time="0.0"/>
  <testcase name="Latihan 1" classname="ExamTestMain" time="0.001"/>
  <testcase name="Latihan 1" classname="ExamTestMain" time="0.0"/>
  <testcase name="Latihan 1" classname="ExamTestMain" time="0.001"/>
  <testcase name="Latihan 1" classname="ExamTestMain" time="0.0"/>
  <testcase name="Latihan 1" classname="ExamTestMain" time="0.001"/>
  <testcase name="Latihan 1" classname="ExamTestMain" time="0.0"/>
  <testcase name="Latihan 1" classname="ExamTestMain" time="0.001"/>
  <testcase name="Latihan 1" classname="ExamTestMain" time="0.0"/>
  <testcase name="Latihan 1" classname="ExamTestMain" time="0.001"/>
  <testcase name="Latihan 1" classname="ExamTestMain" time="0.0"/>
  <testcase name="Latihan 1" classname="ExamTestMain" time="0.0"/>
  <testcase name="Latihan 1" classname="ExamTestMain" time="0.0"/>
  <testcase name="Latihan 1" classname="ExamTestMain" time="0.0"/>
  <testcase name="Latihan 1" classname="ExamTestMain" time="0.0"/>
  <testcase name="Latihan 1" classname="ExamTestMain" time="0.001"/>
  <testcase name="Latihan 1" classname="ExamTestMain" time="0.0"/>
  <testcase name="Latihan 1" classname="ExamTestMain" time="0.001"/>
  <testcase name="Latihan 1" classname="ExamTestMain" time="0.0"/>
  <testcase name="Latihan 1" classname="ExamTestMain" time="0.001"/>
  <testcase name="Latihan 1" classname="ExamTestMain" time="0.0"/>
  <testcase name="Latihan 1" classname="ExamTestMain" time="0.0"/>
  <testcase name="Latihan 1" classname="ExamTestMain" time="0.0"/>
  <testcase name="Latihan 1" classname="ExamTestMain" time="0.0"/>
  <testcase name="Latihan 1" classname="ExamTestMain" time="0.001"/>
  <testcase name="Latihan 1" classname="ExamTestMain" time="0.0"/>
  <testcase name="Latihan 1" classname="ExamTestMain" time="0.0"/>
  <testcase name="Latihan 1" classname="ExamTestMain" time="0.0"/>
  <testcase name="Latihan 1" classname="ExamTestMain" time="0.0"/>
  <testcase name="Latihan 1" classname="ExamTestMain" time="0.0"/>
  <testcase name="Latihan 1" classname="ExamTestMain" time="0.0"/>
  <testcase name="Latihan 1" classname="ExamTestMain" time="0.0"/>
  <testcase name="Latihan 1" classname="ExamTestMain" time="0.001"/>
  <testcase name="Latihan 1" classname="ExamTestMain" time="0.0"/>
  <testcase name="Latihan 1" classname="ExamTestMain" time="0.0"/>
  <testcase name="Latihan 1" classname="ExamTestMain" time="0.001"/>
  <testcase name="Latihan 1" classname="ExamTestMain" time="0.0"/>
  <testcase name="Latihan 1" classname="ExamTestMain" time="0.0"/>
  <testcase name="Latihan 1" classname="ExamTestMain" time="0.0"/>
  <testcase name="Latihan 1" classname="ExamTestMain" time="0.0"/>
  <testcase name="Latihan 1" classname="ExamTestMain" time="0.0"/>
  <testcase name="Latihan 1" classname="ExamTestMain" time="0.001"/>
  <testcase name="Latihan 1" classname="ExamTestMain" time="0.0"/>
  <testcase name="Latihan 1" classname="ExamTestMain" time="0.0"/>
  <testcase name="Latihan 1" classname="ExamTestMain" time="0.001"/>
  <testcase name="Latihan 1" classname="ExamTestMain" time="0.0"/>
  <testcase name="Latihan 1" classname="ExamTestMain" time="0.0"/>
  <testcase name="Latihan 1" classname="ExamTestMain" time="0.0"/>
  <testcase name="Latihan 1" classname="ExamTestMain" time="0.0"/>
  <testcase name="Latihan 1" classname="ExamTestMain" time="0.0"/>
  <testcase name="Latihan 1" classname="ExamTestMain" time="0.0"/>
  <testcase name="Latihan 1" classname="ExamTestMain" time="0.001"/>
  <testcase name="Latihan 1" classname="ExamTestMain" time="0.0"/>
  <testcase name="Latihan 1" classname="ExamTestMain" time="0.0"/>
  <testcase name="Latihan 1" classname="ExamTestMain" time="0.001"/>
  <testcase name="Latihan 1" classname="ExamTestMain" time="0.0"/>
  <testcase name="Latihan 1" classname="ExamTestMain" time="0.001"/>
  <testcase name="Latihan 1" classname="ExamTestMain" time="0.0"/>
  <testcase name="Latihan 1" classname="ExamTestMain" time="0.0"/>
  <testcase name="Latihan 1" classname="ExamTestMain" time="0.0"/>
  <testcase name="Latihan 1" classname="ExamTestMain" time="0.0"/>
  <testcase name="Latihan 1" classname="ExamTestMain" time="0.0"/>
  <testcase name="Latihan 1" classname="ExamTestMain" time="0.0"/>
  <testcase name="Latihan 1" classname="ExamTestMain" time="0.0"/>
  <testcase name="Latihan 1" classname="ExamTestMain" time="0.0"/>
  <testcase name="Latihan 1" classname="ExamTestMain" time="0.0"/>
  <testcase name="Latihan 1" classname="ExamTestMain" time="0.0"/>
  <testcase name="Latihan 1" classname="ExamTestMain" time="0.001"/>
  <testcase name="Latihan 1" classname="ExamTestMain" time="0.0"/>
  <testcase name="Latihan 1" classname="ExamTestMain" time="0.0"/>
  <testcase name="Latihan 1" classname="ExamTestMain" time="0.001"/>
  <testcase name="Latihan 1" classname="ExamTestMain" time="0.0"/>
  <testcase name="Latihan 1" classname="ExamTestMain" time="0.001"/>
  <testcase name="Latihan 2" classname="ExamTestMain" time="0.001"/>
  <testcase name="Latihan 2" classname="ExamTestMain" time="0.0"/>
  <testcase name="Latihan 2" classname="ExamTestMain" time="0.001"/>
  <testcase name="Latihan 3" classname="ExamTestMain" time="0.001"/>
  <testcase name="Latihan 3" classname="ExamTestMain" time="0.0"/>
  <testcase name="Latihan 3" classname="ExamTestMain" time="0.0"/>
  <testcase name="Latihan 3" classname="ExamTestMain" time="0.0"/>
  <testcase name="Latihan 3" classname="ExamTestMain" time="0.0"/>
  <testcase name="Latihan 3" classname="ExamTestMain" time="0.001"/>
  <testcase name="Latihan 4" classname="ExamTestMain" time="0.001"/>
  <testcase name="Latihan 4" classname="ExamTestMain" time="0.0"/>
  <testcase name="Latihan 4" classname="ExamTestMain" time="0.0"/>
  <testcase name="Latihan 4" classname="ExamTestMain" time="0.0"/>
  <testcase name="Latihan 5" classname="ExamTestMain" time="3.008"/>
  <testcase name="Latihan 5" classname="ExamTestMain" time="3.019"/>
  <testcase name="Latihan 5" classname="ExamTestMain" time="3.016"/>
  <testcase name="Latihan 5" classname="ExamTestMain" time="2.016"/>
  <testcase name="Latihan 5" classname="ExamTestMain" time="2.015"/>
  <testcase name="Latihan 5" classname="ExamTestMain" time="2.015"/>
  <system-out><![CDATA[]]></system-out>
  <system-err><![CDATA[]]></system-err>
</testsuite>
